<?xml version="1.0" encoding="UTF-8"?>
<testsuite xmlns:xsi="http://www.w3.org/2001/XMLSchema-instance" xsi:noNamespaceSchemaLocation="https://maven.apache.org/surefire/maven-surefire-plugin/xsd/surefire-test-report-3.0.xsd" version="3.0" name="org.eql.MyFirstProject.MyFirstSoapTest" time="18.277" tests="2" errors="0" skipped="0" failures="0">
  <properties>
[...]
</properties>
  <testcase name="testIntermediaire" classname="org.eql.MyFirstProject.MyFirstSoapTest" time="10.359">
    <system-out><![CDATA[16:40:28,988 WARN  [SoapUI] Missing folder [C:\Users\formation\Documents\SquashTA-1.10.0-RELEASE-workspace\MyFirstProject\ext] for external libraries
16:40:29,208 INFO  [DefaultSoapUICore] initialized soapui-settings from [C:\Users\formation\soapui-settings.xml]
16:40:30,451 INFO  [PluginManager] 0 plugins loaded in 0 ms
16:40:30,451 INFO  [DefaultSoapUICore] All plugins loaded
16:40:31,089 INFO  [WsdlProject] Loaded project from [file:/C:/Users/formation/Documents/SquashTA-1.10.0-RELEASE-workspace/MyFirstProject/src/test/resources/Project-NOAA-soapui-project.xml]
16:40:31,372 DEBUG [HttpClientSupport$SoapUIHttpClient] Attempt 1 to execute request
16:40:31,373 DEBUG [SoapUIMultiThreadedHttpConnectionManager$SoapUIDefaultClientConnection] Sending request: POST /xml/SOAP_server/ndfdXMLserver.php HTTP/1.1
16:40:31,941 DEBUG [SoapUIMultiThreadedHttpConnectionManager$SoapUIDefaultClientConnection] Receiving response: HTTP/1.1 200 OK
16:40:31,957 DEBUG [HttpClientSupport$SoapUIHttpClient] Connection can be kept alive indefinitely
16:40:32,022 WARN  [AbstractSoapVersion] Ignoring validation error: error: cvc-complex-type.3.2.2: Attribute not allowed: encodingStyle@http://schemas.xmlsoap.org/soap/envelope/ in element Envelope@http://schemas.xmlsoap.org/soap/envelope/
16:40:32,029 DEBUG [HttpClientSupport$SoapUIHttpClient] Stale connection check
16:40:32,046 DEBUG [HttpClientSupport$SoapUIHttpClient] Attempt 1 to execute request
16:40:32,046 DEBUG [SoapUIMultiThreadedHttpConnectionManager$SoapUIDefaultClientConnection] Sending request: POST /xml/SOAP_server/ndfdXMLserver.php HTTP/1.1
16:40:32,571 DEBUG [SoapUIMultiThreadedHttpConnectionManager$SoapUIDefaultClientConnection] Receiving response: HTTP/1.1 200 OK
16:40:32,571 DEBUG [HttpClientSupport$SoapUIHttpClient] Connection can be kept alive indefinitely
16:40:32,576 WARN  [AbstractSoapVersion] Ignoring validation error: error: cvc-complex-type.3.2.2: Attribute not allowed: encodingStyle@http://schemas.xmlsoap.org/soap/envelope/ in element Envelope@http://schemas.xmlsoap.org/soap/envelope/
16:40:32,578 DEBUG [HttpClientSupport$SoapUIHttpClient] Stale connection check
16:40:32,596 DEBUG [HttpClientSupport$SoapUIHttpClient] Attempt 1 to execute request
16:40:32,597 DEBUG [SoapUIMultiThreadedHttpConnectionManager$SoapUIDefaultClientConnection] Sending request: POST /xml/SOAP_server/ndfdXMLserver.php HTTP/1.1
16:40:33,216 DEBUG [SoapUIMultiThreadedHttpConnectionManager$SoapUIDefaultClientConnection] Receiving response: HTTP/1.1 200 OK
16:40:33,216 DEBUG [HttpClientSupport$SoapUIHttpClient] Connection can be kept alive indefinitely
16:40:33,224 WARN  [AbstractSoapVersion] Ignoring validation error: error: cvc-complex-type.3.2.2: Attribute not allowed: encodingStyle@http://schemas.xmlsoap.org/soap/envelope/ in element Envelope@http://schemas.xmlsoap.org/soap/envelope/
16:40:33,235 DEBUG [HttpClientSupport$SoapUIHttpClient] Stale connection check
16:40:33,251 DEBUG [HttpClientSupport$SoapUIHttpClient] Attempt 1 to execute request
16:40:33,251 DEBUG [SoapUIMultiThreadedHttpConnectionManager$SoapUIDefaultClientConnection] Sending request: POST /xml/SOAP_server/ndfdXMLserver.php HTTP/1.1
16:40:33,900 DEBUG [SoapUIMultiThreadedHttpConnectionManager$SoapUIDefaultClientConnection] Receiving response: HTTP/1.1 200 OK
16:40:33,900 DEBUG [HttpClientSupport$SoapUIHttpClient] Connection can be kept alive indefinitely
16:40:33,905 WARN  [AbstractSoapVersion] Ignoring validation error: error: cvc-complex-type.3.2.2: Attribute not allowed: encodingStyle@http://schemas.xmlsoap.org/soap/envelope/ in element Envelope@http://schemas.xmlsoap.org/soap/envelope/
16:40:33,910 DEBUG [HttpClientSupport$SoapUIHttpClient] Stale connection check
16:40:33,928 DEBUG [HttpClientSupport$SoapUIHttpClient] Attempt 1 to execute request
16:40:33,928 DEBUG [SoapUIMultiThreadedHttpConnectionManager$SoapUIDefaultClientConnection] Sending request: POST /xml/SOAP_server/ndfdXMLserver.php HTTP/1.1
16:40:34,518 DEBUG [SoapUIMultiThreadedHttpConnectionManager$SoapUIDefaultClientConnection] Receiving response: HTTP/1.1 200 OK
16:40:34,524 DEBUG [HttpClientSupport$SoapUIHttpClient] Connection can be kept alive indefinitely
16:40:34,529 WARN  [AbstractSoapVersion] Ignoring validation error: error: cvc-complex-type.3.2.2: Attribute not allowed: encodingStyle@http://schemas.xmlsoap.org/soap/envelope/ in element Envelope@http://schemas.xmlsoap.org/soap/envelope/
16:40:34,533 DEBUG [HttpClientSupport$SoapUIHttpClient] Stale connection check
16:40:34,551 DEBUG [HttpClientSupport$SoapUIHttpClient] Attempt 1 to execute request
16:40:34,551 DEBUG [SoapUIMultiThreadedHttpConnectionManager$SoapUIDefaultClientConnection] Sending request: POST /xml/SOAP_server/ndfdXMLserver.php HTTP/1.1
16:40:35,166 DEBUG [SoapUIMultiThreadedHttpConnectionManager$SoapUIDefaultClientConnection] Receiving response: HTTP/1.1 200 OK
16:40:35,167 DEBUG [HttpClientSupport$SoapUIHttpClient] Connection can be kept alive indefinitely
16:40:35,172 WARN  [AbstractSoapVersion] Ignoring validation error: error: cvc-complex-type.3.2.2: Attribute not allowed: encodingStyle@http://schemas.xmlsoap.org/soap/envelope/ in element Envelope@http://schemas.xmlsoap.org/soap/envelope/
16:40:35,175 DEBUG [HttpClientSupport$SoapUIHttpClient] Stale connection check
16:40:35,192 DEBUG [HttpClientSupport$SoapUIHttpClient] Attempt 1 to execute request
16:40:35,193 DEBUG [SoapUIMultiThreadedHttpConnectionManager$SoapUIDefaultClientConnection] Sending request: POST /xml/SOAP_server/ndfdXMLserver.php HTTP/1.1
16:40:35,640 DEBUG [SoapUIMultiThreadedHttpConnectionManager$SoapUIDefaultClientConnection] Receiving response: HTTP/1.1 200 OK
16:40:35,655 DEBUG [HttpClientSupport$SoapUIHttpClient] Connection can be kept alive indefinitely
16:40:35,660 WARN  [AbstractSoapVersion] Ignoring validation error: error: cvc-complex-type.3.2.2: Attribute not allowed: encodingStyle@http://schemas.xmlsoap.org/soap/envelope/ in element Envelope@http://schemas.xmlsoap.org/soap/envelope/
16:40:35,661 DEBUG [HttpClientSupport$SoapUIHttpClient] Stale connection check
16:40:35,679 DEBUG [HttpClientSupport$SoapUIHttpClient] Attempt 1 to execute request
16:40:35,679 DEBUG [SoapUIMultiThreadedHttpConnectionManager$SoapUIDefaultClientConnection] Sending request: POST /xml/SOAP_server/ndfdXMLserver.php HTTP/1.1
16:40:36,155 DEBUG [SoapUIMultiThreadedHttpConnectionManager$SoapUIDefaultClientConnection] Receiving response: HTTP/1.1 200 OK
16:40:36,155 DEBUG [HttpClientSupport$SoapUIHttpClient] Connection can be kept alive indefinitely
16:40:36,171 WARN  [AbstractSoapVersion] Ignoring validation error: error: cvc-complex-type.3.2.2: Attribute not allowed: encodingStyle@http://schemas.xmlsoap.org/soap/envelope/ in element Envelope@http://schemas.xmlsoap.org/soap/envelope/
16:40:36,173 DEBUG [HttpClientSupport$SoapUIHttpClient] Stale connection check
16:40:36,191 DEBUG [HttpClientSupport$SoapUIHttpClient] Attempt 1 to execute request
16:40:36,191 DEBUG [SoapUIMultiThreadedHttpConnectionManager$SoapUIDefaultClientConnection] Sending request: POST /xml/SOAP_server/ndfdXMLserver.php HTTP/1.1
16:40:36,835 DEBUG [SoapUIMultiThreadedHttpConnectionManager$SoapUIDefaultClientConnection] Receiving response: HTTP/1.1 200 OK
16:40:36,835 DEBUG [HttpClientSupport$SoapUIHttpClient] Connection can be kept alive indefinitely
16:40:36,840 WARN  [AbstractSoapVersion] Ignoring validation error: error: cvc-complex-type.3.2.2: Attribute not allowed: encodingStyle@http://schemas.xmlsoap.org/soap/envelope/ in element Envelope@http://schemas.xmlsoap.org/soap/envelope/
16:40:36,844 DEBUG [HttpClientSupport$SoapUIHttpClient] Stale connection check
16:40:36,862 DEBUG [HttpClientSupport$SoapUIHttpClient] Attempt 1 to execute request
16:40:36,862 DEBUG [SoapUIMultiThreadedHttpConnectionManager$SoapUIDefaultClientConnection] Sending request: POST /xml/SOAP_server/ndfdXMLserver.php HTTP/1.1
16:40:37,521 DEBUG [SoapUIMultiThreadedHttpConnectionManager$SoapUIDefaultClientConnection] Receiving response: HTTP/1.1 200 OK
16:40:37,522 DEBUG [HttpClientSupport$SoapUIHttpClient] Connection can be kept alive indefinitely
16:40:37,527 WARN  [AbstractSoapVersion] Ignoring validation error: error: cvc-complex-type.3.2.2: Attribute not allowed: encodingStyle@http://schemas.xmlsoap.org/soap/envelope/ in element Envelope@http://schemas.xmlsoap.org/soap/envelope/
16:40:37,530 DEBUG [HttpClientSupport$SoapUIHttpClient] Stale connection check
16:40:37,548 DEBUG [HttpClientSupport$SoapUIHttpClient] Attempt 1 to execute request
16:40:37,549 DEBUG [SoapUIMultiThreadedHttpConnectionManager$SoapUIDefaultClientConnection] Sending request: POST /xml/SOAP_server/ndfdXMLserver.php HTTP/1.1
16:40:38,251 DEBUG [SoapUIMultiThreadedHttpConnectionManager$SoapUIDefaultClientConnection] Receiving response: HTTP/1.1 200 OK
16:40:38,251 DEBUG [HttpClientSupport$SoapUIHttpClient] Connection can be kept alive indefinitely
16:40:38,261 WARN  [AbstractSoapVersion] Ignoring validation error: error: cvc-complex-type.3.2.2: Attribute not allowed: encodingStyle@http://schemas.xmlsoap.org/soap/envelope/ in element Envelope@http://schemas.xmlsoap.org/soap/envelope/
16:40:38,264 DEBUG [HttpClientSupport$SoapUIHttpClient] Stale connection check
16:40:38,281 DEBUG [HttpClientSupport$SoapUIHttpClient] Attempt 1 to execute request
16:40:38,281 DEBUG [SoapUIMultiThreadedHttpConnectionManager$SoapUIDefaultClientConnection] Sending request: POST /xml/SOAP_server/ndfdXMLserver.php HTTP/1.1
16:40:39,004 DEBUG [SoapUIMultiThreadedHttpConnectionManager$SoapUIDefaultClientConnection] Receiving response: HTTP/1.1 200 OK
16:40:39,004 DEBUG [HttpClientSupport$SoapUIHttpClient] Connection can be kept alive indefinitely
16:40:39,021 WARN  [AbstractSoapVersion] Ignoring validation error: error: cvc-complex-type.3.2.2: Attribute not allowed: encodingStyle@http://schemas.xmlsoap.org/soap/envelope/ in element Envelope@http://schemas.xmlsoap.org/soap/envelope/
]]></system-out>
    <system-err><![CDATA[SLF4J: Class path contains multiple SLF4J bindings.
SLF4J: Found binding in [jar:file:/C:/Users/formation/.m2/repository/org/slf4j/slf4j-log4j12/1.7.26/slf4j-log4j12-1.7.26.jar!/org/slf4j/impl/StaticLoggerBinder.class]
SLF4J: Found binding in [jar:file:/C:/Installation/SmartBear/SoapUI-5.4.0/lib/slf4j-log4j12-1.6.4.jar!/org/slf4j/impl/StaticLoggerBinder.class]
SLF4J: See http://www.slf4j.org/codes.html#multiple_bindings for an explanation.
SLF4J: Actual binding is of type [org.slf4j.impl.Log4jLoggerFactory]
déc. 06, 2021 4:40:31 PM org.eql.MyFirstProject.MyFirstSoapTest testIntermediaire
INFOS: ******Running TestSuite 1***********
déc. 06, 2021 4:40:31 PM org.eql.MyFirstProject.MyFirstSoapTest testIntermediaire
INFOS: ******Running TestCase 1***********
déc. 06, 2021 4:40:33 PM org.eql.MyFirstProject.MyFirstSoapTest testIntermediaire
INFOS: ******Running LatLonListZipCode TestSuite***********
déc. 06, 2021 4:40:33 PM org.eql.MyFirstProject.MyFirstSoapTest testIntermediaire
INFOS: ******Running TestCase WithStepProperties1***********
déc. 06, 2021 4:40:35 PM org.eql.MyFirstProject.MyFirstSoapTest testIntermediaire
INFOS: ******Running TestCase WithProperties 1***********
déc. 06, 2021 4:40:36 PM org.eql.MyFirstProject.MyFirstSoapTest testIntermediaire
INFOS: ******Running LatLonListCityNames TestSuite***********
déc. 06, 2021 4:40:36 PM org.eql.MyFirstProject.MyFirstSoapTest testIntermediaire
INFOS: ******Running TestCase 1***********
déc. 06, 2021 4:40:37 PM org.eql.MyFirstProject.MyFirstSoapTest testIntermediaire
INFOS: ******Running LatLonListLine TestSuite***********
déc. 06, 2021 4:40:37 PM org.eql.MyFirstProject.MyFirstSoapTest testIntermediaire
INFOS: ******Running TestCase 1***********
déc. 06, 2021 4:40:38 PM org.eql.MyFirstProject.MyFirstSoapTest testIntermediaire
INFOS: ******Running LatLonListSquare TestSuite***********
déc. 06, 2021 4:40:38 PM org.eql.MyFirstProject.MyFirstSoapTest testIntermediaire
INFOS: ******Running TestCase 1***********
]]></system-err>
  </testcase>
  <testcase name="testSimple" classname="org.eql.MyFirstProject.MyFirstSoapTest" time="7.909">
    <system-out><![CDATA[SoapUI 5.4.0 TestCase Runner
16:40:39,667 INFO  [WsdlProject] Loaded project from [file:/C:/Users/formation/Documents/SquashTA-1.10.0-RELEASE-workspace/MyFirstProject/src/test/resources/Project-NOAA-soapui-project.xml]
16:40:39,667 INFO  [SoapUITestCaseRunner] Running SoapUI tests in project [Project NOAA]
16:40:39,669 INFO  [SoapUITestCaseRunner] Running Project [Project NOAA], runType = SEQUENTIAL
16:40:39,677 INFO  [SoapUITestCaseRunner] Running SoapUI testcase [TestCase 1]
16:40:39,678 INFO  [SoapUITestCaseRunner] running step [Step 1]
16:40:39,681 DEBUG [HttpClientSupport$SoapUIHttpClient] Stale connection check
16:40:39,698 DEBUG [HttpClientSupport$SoapUIHttpClient] Attempt 1 to execute request
16:40:39,698 DEBUG [SoapUIMultiThreadedHttpConnectionManager$SoapUIDefaultClientConnection] Sending request: POST /xml/SOAP_server/ndfdXMLserver.php HTTP/1.1
16:40:40,363 DEBUG [SoapUIMultiThreadedHttpConnectionManager$SoapUIDefaultClientConnection] Receiving response: HTTP/1.1 200 OK
16:40:40,363 DEBUG [HttpClientSupport$SoapUIHttpClient] Connection can be kept alive indefinitely
16:40:40,383 WARN  [AbstractSoapVersion] Ignoring validation error: error: cvc-complex-type.3.2.2: Attribute not allowed: encodingStyle@http://schemas.xmlsoap.org/soap/envelope/ in element Envelope@http://schemas.xmlsoap.org/soap/envelope/
16:40:40,384 INFO  [SoapUITestCaseRunner] Assertion [SOAP Response] has status VALID
16:40:40,384 INFO  [SoapUITestCaseRunner] running step [Step 2]
16:40:40,386 DEBUG [HttpClientSupport$SoapUIHttpClient] Stale connection check
16:40:40,404 DEBUG [HttpClientSupport$SoapUIHttpClient] Attempt 1 to execute request
16:40:40,404 DEBUG [SoapUIMultiThreadedHttpConnectionManager$SoapUIDefaultClientConnection] Sending request: POST /xml/SOAP_server/ndfdXMLserver.php HTTP/1.1
16:40:40,893 DEBUG [SoapUIMultiThreadedHttpConnectionManager$SoapUIDefaultClientConnection] Receiving response: HTTP/1.1 200 OK
16:40:40,893 DEBUG [HttpClientSupport$SoapUIHttpClient] Connection can be kept alive indefinitely
16:40:40,899 WARN  [AbstractSoapVersion] Ignoring validation error: error: cvc-complex-type.3.2.2: Attribute not allowed: encodingStyle@http://schemas.xmlsoap.org/soap/envelope/ in element Envelope@http://schemas.xmlsoap.org/soap/envelope/
16:40:40,901 INFO  [SoapUITestCaseRunner] Assertion [SOAP Response] has status VALID
16:40:40,901 INFO  [SoapUITestCaseRunner] running step [Step 3]
16:40:40,903 DEBUG [HttpClientSupport$SoapUIHttpClient] Stale connection check
16:40:40,914 DEBUG [HttpClientSupport$SoapUIHttpClient] Attempt 1 to execute request
16:40:40,914 DEBUG [SoapUIMultiThreadedHttpConnectionManager$SoapUIDefaultClientConnection] Sending request: POST /xml/SOAP_server/ndfdXMLserver.php HTTP/1.1
16:40:41,519 DEBUG [SoapUIMultiThreadedHttpConnectionManager$SoapUIDefaultClientConnection] Receiving response: HTTP/1.1 200 OK
16:40:41,519 DEBUG [HttpClientSupport$SoapUIHttpClient] Connection can be kept alive indefinitely
16:40:41,522 WARN  [AbstractSoapVersion] Ignoring validation error: error: cvc-complex-type.3.2.2: Attribute not allowed: encodingStyle@http://schemas.xmlsoap.org/soap/envelope/ in element Envelope@http://schemas.xmlsoap.org/soap/envelope/
16:40:41,523 INFO  [SoapUITestCaseRunner] Assertion [SOAP Response] has status VALID
16:40:41,525 INFO  [SoapUITestCaseRunner] Finished running SoapUI testcase [TestCase 1], time taken: 1842ms, status: FINISHED
16:40:41,527 INFO  [SoapUITestCaseRunner] Running SoapUI testcase [TestCase WithStepProperties1]
16:40:41,528 INFO  [SoapUITestCaseRunner] running step [Properties]
16:40:41,535 INFO  [SoapUITestCaseRunner] running step [Copy of Step 1]
16:40:41,538 DEBUG [HttpClientSupport$SoapUIHttpClient] Stale connection check
16:40:41,549 DEBUG [HttpClientSupport$SoapUIHttpClient] Attempt 1 to execute request
16:40:41,550 DEBUG [SoapUIMultiThreadedHttpConnectionManager$SoapUIDefaultClientConnection] Sending request: POST /xml/SOAP_server/ndfdXMLserver.php HTTP/1.1
16:40:42,064 DEBUG [SoapUIMultiThreadedHttpConnectionManager$SoapUIDefaultClientConnection] Receiving response: HTTP/1.1 200 OK
16:40:42,064 DEBUG [HttpClientSupport$SoapUIHttpClient] Connection can be kept alive indefinitely
16:40:42,070 WARN  [AbstractSoapVersion] Ignoring validation error: error: cvc-complex-type.3.2.2: Attribute not allowed: encodingStyle@http://schemas.xmlsoap.org/soap/envelope/ in element Envelope@http://schemas.xmlsoap.org/soap/envelope/
16:40:42,071 INFO  [SoapUITestCaseRunner] Assertion [SOAP Response] has status VALID
16:40:42,071 INFO  [SoapUITestCaseRunner] Assertion [Not SOAP Fault] has status VALID
16:40:42,071 INFO  [SoapUITestCaseRunner] Assertion [LAT] has status VALID
16:40:42,071 INFO  [SoapUITestCaseRunner] Assertion [LON] has status VALID
16:40:42,072 INFO  [SoapUITestCaseRunner] running step [Properties2]
16:40:42,073 INFO  [SoapUITestCaseRunner] running step [Step 2]
16:40:42,074 DEBUG [HttpClientSupport$SoapUIHttpClient] Stale connection check
16:40:42,083 DEBUG [HttpClientSupport$SoapUIHttpClient] Attempt 1 to execute request
16:40:42,083 DEBUG [SoapUIMultiThreadedHttpConnectionManager$SoapUIDefaultClientConnection] Sending request: POST /xml/SOAP_server/ndfdXMLserver.php HTTP/1.1
16:40:42,701 DEBUG [SoapUIMultiThreadedHttpConnectionManager$SoapUIDefaultClientConnection] Receiving response: HTTP/1.1 200 OK
16:40:42,701 DEBUG [HttpClientSupport$SoapUIHttpClient] Connection can be kept alive indefinitely
16:40:42,710 WARN  [AbstractSoapVersion] Ignoring validation error: error: cvc-complex-type.3.2.2: Attribute not allowed: encodingStyle@http://schemas.xmlsoap.org/soap/envelope/ in element Envelope@http://schemas.xmlsoap.org/soap/envelope/
16:40:42,713 INFO  [SoapUITestCaseRunner] Assertion [SOAP Response] has status VALID
16:40:42,713 INFO  [SoapUITestCaseRunner] Assertion [Not SOAP Fault] has status VALID
16:40:42,713 INFO  [SoapUITestCaseRunner] Assertion [LAT] has status VALID
16:40:42,714 INFO  [SoapUITestCaseRunner] Assertion [LON] has status VALID
16:40:42,714 INFO  [SoapUITestCaseRunner] running step [Properties3]
16:40:42,716 INFO  [SoapUITestCaseRunner] running step [Step 3]
16:40:42,719 DEBUG [HttpClientSupport$SoapUIHttpClient] Stale connection check
16:40:42,736 DEBUG [HttpClientSupport$SoapUIHttpClient] Attempt 1 to execute request
16:40:42,736 DEBUG [SoapUIMultiThreadedHttpConnectionManager$SoapUIDefaultClientConnection] Sending request: POST /xml/SOAP_server/ndfdXMLserver.php HTTP/1.1
16:40:43,212 DEBUG [SoapUIMultiThreadedHttpConnectionManager$SoapUIDefaultClientConnection] Receiving response: HTTP/1.1 200 OK
16:40:43,212 DEBUG [HttpClientSupport$SoapUIHttpClient] Connection can be kept alive indefinitely
16:40:43,218 WARN  [AbstractSoapVersion] Ignoring validation error: error: cvc-complex-type.3.2.2: Attribute not allowed: encodingStyle@http://schemas.xmlsoap.org/soap/envelope/ in element Envelope@http://schemas.xmlsoap.org/soap/envelope/
16:40:43,220 INFO  [SoapUITestCaseRunner] Assertion [SOAP Response] has status VALID
16:40:43,220 INFO  [SoapUITestCaseRunner] Assertion [Not SOAP Fault] has status VALID
16:40:43,220 INFO  [SoapUITestCaseRunner] Assertion [LAT] has status VALID
16:40:43,221 INFO  [SoapUITestCaseRunner] Assertion [LON] has status VALID
16:40:43,221 INFO  [SoapUITestCaseRunner] Finished running SoapUI testcase [TestCase WithStepProperties1], time taken: 1685ms, status: FINISHED
16:40:43,222 INFO  [SoapUITestCaseRunner] Running SoapUI testcase [TestCase WithProperties 1]
16:40:43,222 INFO  [SoapUITestCaseRunner] running step [Copy of Step 1]
16:40:43,224 DEBUG [HttpClientSupport$SoapUIHttpClient] Stale connection check
16:40:43,242 DEBUG [HttpClientSupport$SoapUIHttpClient] Attempt 1 to execute request
16:40:43,242 DEBUG [SoapUIMultiThreadedHttpConnectionManager$SoapUIDefaultClientConnection] Sending request: POST /xml/SOAP_server/ndfdXMLserver.php HTTP/1.1
16:40:43,869 DEBUG [SoapUIMultiThreadedHttpConnectionManager$SoapUIDefaultClientConnection] Receiving response: HTTP/1.1 200 OK
16:40:43,869 DEBUG [HttpClientSupport$SoapUIHttpClient] Connection can be kept alive indefinitely
16:40:43,882 WARN  [AbstractSoapVersion] Ignoring validation error: error: cvc-complex-type.3.2.2: Attribute not allowed: encodingStyle@http://schemas.xmlsoap.org/soap/envelope/ in element Envelope@http://schemas.xmlsoap.org/soap/envelope/
16:40:43,883 INFO  [SoapUITestCaseRunner] Assertion [SOAP Response] has status VALID
16:40:43,884 INFO  [SoapUITestCaseRunner] Assertion [Not SOAP Fault] has status VALID
16:40:43,884 INFO  [SoapUITestCaseRunner] Assertion [LAT] has status VALID
16:40:43,884 INFO  [SoapUITestCaseRunner] Assertion [LON] has status VALID
16:40:43,884 INFO  [SoapUITestCaseRunner] running step [Step 2]
16:40:43,886 DEBUG [HttpClientSupport$SoapUIHttpClient] Stale connection check
16:40:43,903 DEBUG [HttpClientSupport$SoapUIHttpClient] Attempt 1 to execute request
16:40:43,903 DEBUG [SoapUIMultiThreadedHttpConnectionManager$SoapUIDefaultClientConnection] Sending request: POST /xml/SOAP_server/ndfdXMLserver.php HTTP/1.1
16:40:44,434 DEBUG [SoapUIMultiThreadedHttpConnectionManager$SoapUIDefaultClientConnection] Receiving response: HTTP/1.1 200 OK
16:40:44,447 DEBUG [HttpClientSupport$SoapUIHttpClient] Connection can be kept alive indefinitely
16:40:44,451 WARN  [AbstractSoapVersion] Ignoring validation error: error: cvc-complex-type.3.2.2: Attribute not allowed: encodingStyle@http://schemas.xmlsoap.org/soap/envelope/ in element Envelope@http://schemas.xmlsoap.org/soap/envelope/
16:40:44,451 INFO  [SoapUITestCaseRunner] Assertion [SOAP Response] has status VALID
16:40:44,452 INFO  [SoapUITestCaseRunner] Assertion [Not SOAP Fault] has status VALID
16:40:44,452 INFO  [SoapUITestCaseRunner] Assertion [LAT] has status VALID
16:40:44,452 INFO  [SoapUITestCaseRunner] Assertion [LON] has status VALID
16:40:44,452 INFO  [SoapUITestCaseRunner] running step [Step 3]
16:40:44,454 DEBUG [HttpClientSupport$SoapUIHttpClient] Stale connection check
16:40:44,472 DEBUG [HttpClientSupport$SoapUIHttpClient] Attempt 1 to execute request
16:40:44,472 DEBUG [SoapUIMultiThreadedHttpConnectionManager$SoapUIDefaultClientConnection] Sending request: POST /xml/SOAP_server/ndfdXMLserver.php HTTP/1.1
16:40:45,096 DEBUG [SoapUIMultiThreadedHttpConnectionManager$SoapUIDefaultClientConnection] Receiving response: HTTP/1.1 200 OK
16:40:45,096 DEBUG [HttpClientSupport$SoapUIHttpClient] Connection can be kept alive indefinitely
16:40:45,106 WARN  [AbstractSoapVersion] Ignoring validation error: error: cvc-complex-type.3.2.2: Attribute not allowed: encodingStyle@http://schemas.xmlsoap.org/soap/envelope/ in element Envelope@http://schemas.xmlsoap.org/soap/envelope/
16:40:45,106 INFO  [SoapUITestCaseRunner] Assertion [SOAP Response] has status VALID
16:40:45,106 INFO  [SoapUITestCaseRunner] Assertion [Not SOAP Fault] has status VALID
16:40:45,106 INFO  [SoapUITestCaseRunner] Assertion [LAT] has status VALID
16:40:45,106 INFO  [SoapUITestCaseRunner] Assertion [LON] has status VALID
16:40:45,106 INFO  [SoapUITestCaseRunner] Finished running SoapUI testcase [TestCase WithProperties 1], time taken: 1881ms, status: FINISHED
16:40:45,107 INFO  [SoapUITestCaseRunner] Running SoapUI testcase [TestCase 1]
16:40:45,107 INFO  [SoapUITestCaseRunner] running step [Properties]
16:40:45,108 INFO  [SoapUITestCaseRunner] running step [LatLonListCityNames - Request 1]
16:40:45,110 DEBUG [HttpClientSupport$SoapUIHttpClient] Stale connection check
16:40:45,129 DEBUG [HttpClientSupport$SoapUIHttpClient] Attempt 1 to execute request
16:40:45,129 DEBUG [SoapUIMultiThreadedHttpConnectionManager$SoapUIDefaultClientConnection] Sending request: POST /xml/SOAP_server/ndfdXMLserver.php HTTP/1.1
16:40:45,592 DEBUG [SoapUIMultiThreadedHttpConnectionManager$SoapUIDefaultClientConnection] Receiving response: HTTP/1.1 200 OK
16:40:45,592 DEBUG [HttpClientSupport$SoapUIHttpClient] Connection can be kept alive indefinitely
16:40:45,606 WARN  [AbstractSoapVersion] Ignoring validation error: error: cvc-complex-type.3.2.2: Attribute not allowed: encodingStyle@http://schemas.xmlsoap.org/soap/envelope/ in element Envelope@http://schemas.xmlsoap.org/soap/envelope/
16:40:45,607 INFO  [SoapUITestCaseRunner] Assertion [SOAP Response] has status VALID
16:40:45,607 INFO  [SoapUITestCaseRunner] Assertion [Not SOAP Fault] has status VALID
16:40:45,607 INFO  [SoapUITestCaseRunner] Assertion [Contains] has status VALID
16:40:45,607 INFO  [SoapUITestCaseRunner] Finished running SoapUI testcase [TestCase 1], time taken: 498ms, status: FINISHED
16:40:45,608 INFO  [SoapUITestCaseRunner] Running SoapUI testcase [TestCase 1]
16:40:45,609 INFO  [SoapUITestCaseRunner] running step [Properties]
16:40:45,609 INFO  [SoapUITestCaseRunner] running step [LatLonListLine - Request 1]
16:40:45,610 DEBUG [HttpClientSupport$SoapUIHttpClient] Stale connection check
16:40:45,629 DEBUG [HttpClientSupport$SoapUIHttpClient] Attempt 1 to execute request
16:40:45,629 DEBUG [SoapUIMultiThreadedHttpConnectionManager$SoapUIDefaultClientConnection] Sending request: POST /xml/SOAP_server/ndfdXMLserver.php HTTP/1.1
16:40:46,262 DEBUG [SoapUIMultiThreadedHttpConnectionManager$SoapUIDefaultClientConnection] Receiving response: HTTP/1.1 200 OK
16:40:46,262 DEBUG [HttpClientSupport$SoapUIHttpClient] Connection can be kept alive indefinitely
16:40:46,267 WARN  [AbstractSoapVersion] Ignoring validation error: error: cvc-complex-type.3.2.2: Attribute not allowed: encodingStyle@http://schemas.xmlsoap.org/soap/envelope/ in element Envelope@http://schemas.xmlsoap.org/soap/envelope/
16:40:46,268 INFO  [SoapUITestCaseRunner] Assertion [SOAP Response] has status VALID
16:40:46,268 INFO  [SoapUITestCaseRunner] Assertion [Not SOAP Fault] has status VALID
16:40:46,268 INFO  [SoapUITestCaseRunner] Assertion [Contains] has status VALID
16:40:46,269 INFO  [SoapUITestCaseRunner] Finished running SoapUI testcase [TestCase 1], time taken: 658ms, status: FINISHED
16:40:46,270 INFO  [SoapUITestCaseRunner] Running SoapUI testcase [TestCase 1]
16:40:46,270 INFO  [SoapUITestCaseRunner] running step [Properties]
16:40:46,271 INFO  [SoapUITestCaseRunner] running step [LatLonListSquare - Request 1]
16:40:46,272 DEBUG [HttpClientSupport$SoapUIHttpClient] Stale connection check
16:40:46,290 DEBUG [HttpClientSupport$SoapUIHttpClient] Attempt 1 to execute request
16:40:46,290 DEBUG [SoapUIMultiThreadedHttpConnectionManager$SoapUIDefaultClientConnection] Sending request: POST /xml/SOAP_server/ndfdXMLserver.php HTTP/1.1
16:40:46,913 DEBUG [SoapUIMultiThreadedHttpConnectionManager$SoapUIDefaultClientConnection] Receiving response: HTTP/1.1 200 OK
16:40:46,929 DEBUG [HttpClientSupport$SoapUIHttpClient] Connection can be kept alive indefinitely
16:40:46,933 WARN  [AbstractSoapVersion] Ignoring validation error: error: cvc-complex-type.3.2.2: Attribute not allowed: encodingStyle@http://schemas.xmlsoap.org/soap/envelope/ in element Envelope@http://schemas.xmlsoap.org/soap/envelope/
16:40:46,933 INFO  [SoapUITestCaseRunner] Assertion [SOAP Response] has status VALID
16:40:46,933 INFO  [SoapUITestCaseRunner] Assertion [Not SOAP Fault] has status VALID
16:40:46,933 INFO  [SoapUITestCaseRunner] Assertion [Contains] has status VALID
16:40:46,934 INFO  [SoapUITestCaseRunner] Finished running SoapUI testcase [TestCase 1], time taken: 663ms, status: FINISHED
16:40:46,934 INFO  [SoapUITestCaseRunner] Project [Project NOAA] finished with status [FINISHED] in 7263ms
]]></system-out>
  </testcase>
</testsuite>